<?xml version="1.0" encoding="UTF-8"?>
<testng-results skipped="2" failed="0" total="2" passed="0">
  <reporter-output>
  </reporter-output>
  <suite name="WorldPressDotComTests" duration-ms="5637" started-at="2017-08-16T14:35:09Z" finished-at="2017-08-16T14:35:15Z">
    <groups>
      <group name="WorldPressdotCom_LogoutTest">
        <method signature="worldPressdotComTests.LogoutTest_WorldPress()[pri:0, instance:com.pack.test.worldPressdotComTests@6f79caec]" name="LogoutTest_WorldPress" class="com.pack.test.worldPressdotComTests"/>
      </group> <!-- WorldPressdotCom_LogoutTest -->
      <group name="WorldPressdotCom_LoginTest">
        <method signature="worldPressdotComTests.LoginTest_WorldPress()[pri:0, instance:com.pack.test.worldPressdotComTests@6f79caec]" name="LoginTest_WorldPress" class="com.pack.test.worldPressdotComTests"/>
      </group> <!-- WorldPressdotCom_LoginTest -->
    </groups>
    <test name="LoginAndLogoutTests" duration-ms="5637" started-at="2017-08-16T14:35:09Z" finished-at="2017-08-16T14:35:15Z">
      <class name="com.pack.test.worldPressdotComTests">
        <test-method status="PASS" signature="beforeClass()[pri:0, instance:com.pack.test.worldPressdotComTests@6f79caec]" name="beforeClass" is-config="true" duration-ms="1728" started-at="2017-08-16T20:05:09Z" finished-at="2017-08-16T20:05:11Z">
          <reporter-output>
          </reporter-output>
        </test-method> <!-- beforeClass -->
        <test-method status="FAIL" signature="beforeTest()[pri:0, instance:com.pack.test.worldPressdotComTests@6f79caec]" name="beforeTest" is-config="true" duration-ms="0" started-at="2017-08-16T20:05:11Z" finished-at="2017-08-16T20:05:11Z">
          <exception class="org.openqa.selenium.WebDriverException">
            <message>
              <![CDATA[The path to the driver executable must be set by the webdriver.chrome.driver system property; for more information, see https://github.com/SeleniumHQ/selenium/wiki/ChromeDriver. The latest version can be downloaded from http://chromedriver.storage.googleapis.com/index.html
Command duration or timeout: 2.40 seconds
Build info: version: '2.53.1', revision: 'a36b8b1', time: '2016-06-30 17:37:03'
System info: host: 'TVMATP138093L', ip: '192.168.1.2', os.name: 'Windows 8.1', os.arch: 'amd64', os.version: '6.3', java.version: '1.8.0_91'
Driver info: org.openqa.selenium.remote.RemoteWebDriver]]>
            </message>
            <full-stacktrace>
              <![CDATA[org.openqa.selenium.WebDriverException: The path to the driver executable must be set by the webdriver.chrome.driver system property; for more information, see https://github.com/SeleniumHQ/selenium/wiki/ChromeDriver. The latest version can be downloaded from http://chromedriver.storage.googleapis.com/index.html
Command duration or timeout: 2.40 seconds
Build info: version: '2.53.1', revision: 'a36b8b1', time: '2016-06-30 17:37:03'
System info: host: 'TVMATP138093L', ip: '192.168.1.2', os.name: 'Windows 8.1', os.arch: 'amd64', os.version: '6.3', java.version: '1.8.0_91'
Driver info: org.openqa.selenium.remote.RemoteWebDriver
	at sun.reflect.NativeConstructorAccessorImpl.newInstance0(Native Method)
	at sun.reflect.NativeConstructorAccessorImpl.newInstance(NativeConstructorAccessorImpl.java:62)
	at sun.reflect.DelegatingConstructorAccessorImpl.newInstance(DelegatingConstructorAccessorImpl.java:45)
	at java.lang.reflect.Constructor.newInstance(Constructor.java:423)
	at org.openqa.selenium.remote.ErrorHandler.createThrowable(ErrorHandler.java:206)
	at org.openqa.selenium.remote.ErrorHandler.throwIfResponseFailed(ErrorHandler.java:158)
	at org.openqa.selenium.remote.RemoteWebDriver.execute(RemoteWebDriver.java:678)
	at org.openqa.selenium.remote.RemoteWebDriver.startSession(RemoteWebDriver.java:249)
	at org.openqa.selenium.remote.RemoteWebDriver.<init>(RemoteWebDriver.java:131)
	at org.openqa.selenium.remote.RemoteWebDriver.<init>(RemoteWebDriver.java:158)
	at com.pack.util.commonMethods.LoadBrowser(Unknown Source)
	at com.pack.test.worldPressdotComTests.beforeTest(Unknown Source)
	at sun.reflect.NativeMethodAccessorImpl.invoke0(Native Method)
	at sun.reflect.NativeMethodAccessorImpl.invoke(NativeMethodAccessorImpl.java:62)
	at sun.reflect.DelegatingMethodAccessorImpl.invoke(DelegatingMethodAccessorImpl.java:43)
	at java.lang.reflect.Method.invoke(Method.java:498)
	at org.testng.internal.MethodInvocationHelper.invokeMethod(MethodInvocationHelper.java:85)
	at org.testng.internal.Invoker.invokeConfigurationMethod(Invoker.java:517)
	at org.testng.internal.Invoker.invokeConfigurations(Invoker.java:213)
	at org.testng.internal.Invoker.invokeMethod(Invoker.java:601)
	at org.testng.internal.Invoker.invokeTestMethod(Invoker.java:845)
	at org.testng.internal.Invoker.invokeTestMethods(Invoker.java:1153)
	at org.testng.internal.TestMethodWorker.invokeTestMethods(TestMethodWorker.java:125)
	at org.testng.internal.TestMethodWorker.run(TestMethodWorker.java:108)
	at java.util.concurrent.ThreadPoolExecutor.runWorker(ThreadPoolExecutor.java:1142)
	at java.util.concurrent.ThreadPoolExecutor$Worker.run(ThreadPoolExecutor.java:617)
	at java.lang.Thread.run(Thread.java:745)
Caused by: java.lang.IllegalStateException: The path to the driver executable must be set by the webdriver.chrome.driver system property; for more information, see https://github.com/SeleniumHQ/selenium/wiki/ChromeDriver. The latest version can be downloaded from http://chromedriver.storage.googleapis.com/index.html
	at com.google.common.base.Preconditions.checkState(Preconditions.java:199)
	at org.openqa.selenium.remote.service.DriverService.findExecutable(DriverService.java:109)
	at org.openqa.selenium.chrome.ChromeDriverService.access$0(ChromeDriverService.java:1)
	at org.openqa.selenium.chrome.ChromeDriverService$Builder.findDefaultExecutable(ChromeDriverService.java:137)
	at org.openqa.selenium.remote.service.DriverService$Builder.build(DriverService.java:296)
	at org.openqa.selenium.chrome.ChromeDriverService.createDefaultService(ChromeDriverService.java:88)
	at org.openqa.selenium.chrome.ChromeDriver.<init>(ChromeDriver.java:138)
	at sun.reflect.NativeConstructorAccessorImpl.newInstance0(Native Method)
	at sun.reflect.NativeConstructorAccessorImpl.newInstance(Unknown Source)
	at sun.reflect.DelegatingConstructorAccessorImpl.newInstance(Unknown Source)
	at java.lang.reflect.Constructor.newInstance(Unknown Source)
	at org.openqa.selenium.remote.server.DefaultDriverProvider.callConstructor(DefaultDriverProvider.java:103)
	at org.openqa.selenium.remote.server.DefaultDriverProvider.newInstance(DefaultDriverProvider.java:97)
	at org.openqa.selenium.remote.server.DefaultDriverFactory.newInstance(DefaultDriverFactory.java:60)
	at org.openqa.selenium.remote.server.DefaultSession$BrowserCreator.call(DefaultSession.java:222)
	at org.openqa.selenium.remote.server.DefaultSession$BrowserCreator.call(DefaultSession.java:1)
	at java.util.concurrent.FutureTask.run(Unknown Source)
	at org.openqa.selenium.remote.server.DefaultSession$1.run(DefaultSession.java:176)
	at java.util.concurrent.ThreadPoolExecutor.runWorker(Unknown Source)
	at java.util.concurrent.ThreadPoolExecutor$Worker.run(Unknown Source)
	at java.lang.Thread.run(Unknown Source)
]]>
            </full-stacktrace>
          </exception> <!-- org.openqa.selenium.WebDriverException -->
          <reporter-output>
          </reporter-output>
        </test-method> <!-- beforeTest -->
        <test-method status="SKIP" signature="LoginTest_WorldPress()[pri:0, instance:com.pack.test.worldPressdotComTests@6f79caec]" name="LoginTest_WorldPress" duration-ms="1" started-at="2017-08-16T20:05:15Z" description="This Test is to Validate login freature in world press dot com" finished-at="2017-08-16T20:05:15Z">
          <reporter-output>
          </reporter-output>
        </test-method> <!-- LoginTest_WorldPress -->
        <test-method status="SKIP" signature="AfterTest(org.testng.ITestResult)[pri:0, instance:com.pack.test.worldPressdotComTests@6f79caec]" name="AfterTest" is-config="true" duration-ms="0" started-at="2017-08-16T20:05:15Z" finished-at="2017-08-16T20:05:15Z">
          <reporter-output>
          </reporter-output>
        </test-method> <!-- AfterTest -->
        <test-method status="SKIP" signature="LogoutTest_WorldPress()[pri:0, instance:com.pack.test.worldPressdotComTests@6f79caec]" name="LogoutTest_WorldPress" duration-ms="0" depends-on-groups="WorldPressdotCom_LoginTest" started-at="2017-08-16T20:05:15Z" description="This Test is to Validate logout freature in world press dot com" finished-at="2017-08-16T20:05:15Z">
          <exception class="java.lang.Throwable">
            <message>
              <![CDATA[Method worldPressdotComTests.LogoutTest_WorldPress()[pri:0, instance:com.pack.test.worldPressdotComTests@6f79caec] depends on not successfully finished methods in group "WorldPressdotCom_LoginTest"]]>
            </message>
            <full-stacktrace>
              <![CDATA[java.lang.Throwable: Method worldPressdotComTests.LogoutTest_WorldPress()[pri:0, instance:com.pack.test.worldPressdotComTests@6f79caec] depends on not successfully finished methods in group "WorldPressdotCom_LoginTest"
	at org.testng.internal.Invoker.invokeTestMethods(Invoker.java:1063)
	at org.testng.internal.TestMethodWorker.invokeTestMethods(TestMethodWorker.java:125)
	at org.testng.internal.TestMethodWorker.run(TestMethodWorker.java:108)
	at java.util.concurrent.ThreadPoolExecutor.runWorker(ThreadPoolExecutor.java:1142)
	at java.util.concurrent.ThreadPoolExecutor$Worker.run(ThreadPoolExecutor.java:617)
	at java.lang.Thread.run(Thread.java:745)
]]>
            </full-stacktrace>
          </exception> <!-- java.lang.Throwable -->
          <reporter-output>
          </reporter-output>
        </test-method> <!-- LogoutTest_WorldPress -->
      </class> <!-- com.pack.test.worldPressdotComTests -->
    </test> <!-- LoginAndLogoutTests -->
  </suite> <!-- WorldPressDotComTests -->
</testng-results>
